<?xml version="1.0" encoding="UTF-8"?>
<!-- Generated by org.testng.reporters.JUnitReportReporter -->
<testsuite hostname="DESKTOP-5RK9T99" failures="0" tests="2" name="com.project.bachthree.automation.qa.tests.FormStoneChechBoxTest" time="32.830" errors="1" timestamp="2024-11-11T17:46:59 NPT" skipped="0">
  <testcase classname="com.project.bachthree.automation.qa.tests.FormStoneChechBoxTest" name="closeBrowserSession" time="20.732">
    <error message="JdkWebSocket initial request execution error
Build info: version: &#039;4.24.0&#039;, revision: &#039;748ffc9bc3&#039;
System info: os.name: &#039;Windows 10&#039;, os.arch: &#039;amd64&#039;, os.version: &#039;10.0&#039;, java.version: &#039;17.0.7&#039;
Driver info: driver.version: FirefoxDriver" type="org.openqa.selenium.remote.http.ConnectionFailedException">
      <![CDATA[org.openqa.selenium.remote.http.ConnectionFailedException: JdkWebSocket initial request execution error
Build info: version: '4.24.0', revision: '748ffc9bc3'
System info: os.name: 'Windows 10', os.arch: 'amd64', os.version: '10.0', java.version: '17.0.7'
Driver info: driver.version: FirefoxDriver
at org.openqa.selenium.remote.http.jdk.JdkHttpClient.openSocket(JdkHttpClient.java:248)
at org.openqa.selenium.devtools.Connection.<init>(Connection.java:89)
at org.openqa.selenium.firefox.FirefoxDriver.maybeGetDevTools(FirefoxDriver.java:335)
at org.openqa.selenium.remote.RemoteWebDriver.quit(RemoteWebDriver.java:439)
at org.openqa.selenium.firefox.FirefoxDriver.quit(FirefoxDriver.java:397)
at java.base/jdk.internal.reflect.NativeMethodAccessorImpl.invoke0(Native Method)
at java.base/jdk.internal.reflect.NativeMethodAccessorImpl.invoke(NativeMethodAccessorImpl.java:77)
at java.base/jdk.internal.reflect.DelegatingMethodAccessorImpl.invoke(DelegatingMethodAccessorImpl.java:43)
at java.base/java.lang.reflect.Method.invoke(Method.java:568)
at org.openqa.selenium.support.decorators.WebDriverDecorator.call(WebDriverDecorator.java:249)
at org.openqa.selenium.support.decorators.DefaultDecorated.call(DefaultDecorated.java:48)
at org.openqa.selenium.support.decorators.WebDriverDecorator.lambda$createProxy$2(WebDriverDecorator.java:321)
at net.bytebuddy.renamed.java.lang.Object$ByteBuddy$JL7EMhC4.quit(Unknown Source)
at com.project.bachthree.automation.qa.base.BaseClass.closeBrowserSession(BaseClass.java:116)
at java.base/jdk.internal.reflect.NativeMethodAccessorImpl.invoke0(Native Method)
at java.base/jdk.internal.reflect.NativeMethodAccessorImpl.invoke(NativeMethodAccessorImpl.java:77)
at java.base/jdk.internal.reflect.DelegatingMethodAccessorImpl.invoke(DelegatingMethodAccessorImpl.java:43)
at java.base/java.lang.reflect.Method.invoke(Method.java:568)
at org.testng.internal.invokers.MethodInvocationHelper.invokeMethod(MethodInvocationHelper.java:139)
at org.testng.internal.invokers.MethodInvocationHelper.invokeMethodConsideringTimeout(MethodInvocationHelper.java:69)
at org.testng.internal.invokers.ConfigInvoker.invokeConfigurationMethod(ConfigInvoker.java:361)
at org.testng.internal.invokers.ConfigInvoker.invokeConfigurations(ConfigInvoker.java:296)
at org.testng.internal.invokers.TestInvoker.runConfigMethods(TestInvoker.java:823)
at org.testng.internal.invokers.TestInvoker.runAfterConfigurations(TestInvoker.java:792)
at org.testng.internal.invokers.TestInvoker.invokeMethod(TestInvoker.java:768)
at org.testng.internal.invokers.TestInvoker.invokeTestMethod(TestInvoker.java:221)
at org.testng.internal.invokers.MethodRunner.runInSequence(MethodRunner.java:50)
at org.testng.internal.invokers.TestInvoker$MethodInvocationAgent.invoke(TestInvoker.java:969)
at org.testng.internal.invokers.TestInvoker.invokeTestMethods(TestInvoker.java:194)
at org.testng.internal.invokers.TestMethodWorker.invokeTestMethods(TestMethodWorker.java:148)
at org.testng.internal.invokers.TestMethodWorker.run(TestMethodWorker.java:128)
at java.base/java.util.ArrayList.forEach(ArrayList.java:1511)
at org.testng.TestRunner.privateRun(TestRunner.java:829)
at org.testng.TestRunner.run(TestRunner.java:602)
at org.testng.SuiteRunner.runTest(SuiteRunner.java:437)
at org.testng.SuiteRunner$SuiteWorker.run(SuiteRunner.java:475)
at org.testng.internal.thread.ThreadUtil.lambda$execute$0(ThreadUtil.java:58)
at java.base/java.util.concurrent.FutureTask.run(FutureTask.java:264)
at java.base/java.util.concurrent.ThreadPoolExecutor.runWorker(ThreadPoolExecutor.java:1136)
at java.base/java.util.concurrent.ThreadPoolExecutor$Worker.run(ThreadPoolExecutor.java:635)
at java.base/java.lang.Thread.run(Thread.java:833)
Caused by: java.net.http.WebSocketHandshakeException
at java.net.http/jdk.internal.net.http.websocket.OpeningHandshake.resultFrom(OpeningHandshake.java:226)
at java.base/java.util.concurrent.CompletableFuture$UniCompose.tryFire(CompletableFuture.java:1150)
at java.base/java.util.concurrent.CompletableFuture.postComplete(CompletableFuture.java:510)
at java.base/java.util.concurrent.CompletableFuture.postFire(CompletableFuture.java:614)
at java.base/java.util.concurrent.CompletableFuture$UniWhenComplete.tryFire(CompletableFuture.java:844)
at java.base/java.util.concurrent.CompletableFuture$Completion.exec(CompletableFuture.java:483)
at java.base/java.util.concurrent.ForkJoinTask.doExec(ForkJoinTask.java:373)
at java.base/java.util.concurrent.ForkJoinPool$WorkQueue.topLevelExec(ForkJoinPool.java:1182)
at java.base/java.util.concurrent.ForkJoinPool.scan(ForkJoinPool.java:1655)
at java.base/java.util.concurrent.ForkJoinPool.runWorker(ForkJoinPool.java:1622)
at java.base/java.util.concurrent.ForkJoinWorkerThread.run(ForkJoinWorkerThread.java:165)
Caused by: jdk.internal.net.http.websocket.CheckFailedException: Unexpected HTTP response status code 404
at java.net.http/jdk.internal.net.http.websocket.OpeningHandshake.checkFailed(OpeningHandshake.java:343)
at java.net.http/jdk.internal.net.http.websocket.OpeningHandshake.handleResponse(OpeningHandshake.java:252)
at java.net.http/jdk.internal.net.http.websocket.OpeningHandshake.resultFrom(OpeningHandshake.java:222)
... 10 more
]]>
    </error>
  </testcase> <!-- closeBrowserSession -->
  <system-out>
    <![CDATA[Exception occured: FirefoxDriver: firefox on windows (null)
Exception occured: FirefoxDriver: firefox on windows (null)
Exception occured: FirefoxDriver: firefox on windows (null)
Exception occured: FirefoxDriver: firefox on windows (null)
Exception occured: FirefoxDriver: firefox on windows (null)
Exception occured: FirefoxDriver: firefox on windows (null)
Exception occured: FirefoxDriver: firefox on windows (null)
Exception occured: FirefoxDriver: firefox on windows (null)
Exception occured: FirefoxDriver: firefox on windows (null)
Exception occured: FirefoxDriver: firefox on windows (null)
Exception occured: FirefoxDriver: firefox on windows (null)
Exception occured: FirefoxDriver: firefox on windows (null)
Exception occured: FirefoxDriver: firefox on windows (null)
Exception occured: FirefoxDriver: firefox on windows (null)
Exception occured: FirefoxDriver: firefox on windows (null)
Exception occured: FirefoxDriver: firefox on windows (null)
Exception occured: FirefoxDriver: firefox on windows (null)
Exception occured: FirefoxDriver: firefox on windows (null)
Exception occured: FirefoxDriver: firefox on windows (null)
Exception occured: FirefoxDriver: firefox on windows (null)
Exception occured: FirefoxDriver: firefox on windows (null)
Exception occured: FirefoxDriver: firefox on windows (null)
Exception occured: FirefoxDriver: firefox on windows (null)
Exception occured: FirefoxDriver: firefox on windows (null)
Exception occured: FirefoxDriver: firefox on windows (null)
Exception occured: FirefoxDriver: firefox on windows (null)
Exception occured: FirefoxDriver: firefox on windows (null)
Exception occured: FirefoxDriver: firefox on windows (null)
Exception occured: FirefoxDriver: firefox on windows (null)
Exception occured: FirefoxDriver: firefox on windows (null)
Exception occured: FirefoxDriver: firefox on windows (null)
Exception occured: FirefoxDriver: firefox on windows (null)
Exception occured: FirefoxDriver: firefox on windows (null)
Exception occured: FirefoxDriver: firefox on windows (null)
Exception occured: FirefoxDriver: firefox on windows (null)
Exception occured: FirefoxDriver: firefox on windows (null)
Exception occured: FirefoxDriver: firefox on windows (null)
Exception occured: FirefoxDriver: firefox on windows (null)
Exception occured: FirefoxDriver: firefox on windows (null)
Exception occured: FirefoxDriver: firefox on windows (null)
Exception occured: FirefoxDriver: firefox on windows (null)
Exception occured: FirefoxDriver: firefox on windows (null)
Exception occured: FirefoxDriver: firefox on windows (null)
Exception occured: FirefoxDriver: firefox on windows (null)
Exception occured: FirefoxDriver: firefox on windows (null)
Exception occured: FirefoxDriver: firefox on windows (null)
Exception occured: FirefoxDriver: firefox on windows (null)
Exception occured: FirefoxDriver: firefox on windows (null)
Exception occured: FirefoxDriver: firefox on windows (null)
Exception occured: FirefoxDriver: firefox on windows (null)
Exception occured: FirefoxDriver: firefox on windows (null)
Exception occured: FirefoxDriver: firefox on windows (null)
Exception occured: FirefoxDriver: firefox on windows (null)
Exception occured: FirefoxDriver: firefox on windows (null)
Exception occured: FirefoxDriver: firefox on windows (null)
Exception occured: FirefoxDriver: firefox on windows (null)
Exception occured: FirefoxDriver: firefox on windows (null)
Exception occured: FirefoxDriver: firefox on windows (null)
Exception occured: FirefoxDriver: firefox on windows (null)
Exception occured: FirefoxDriver: firefox on windows (null)
Exception occured: FirefoxDriver: firefox on windows (null)
Exception occured: FirefoxDriver: firefox on windows (null)
Exception occured: FirefoxDriver: firefox on windows (null)
Exception occured: FirefoxDriver: firefox on windows (null)
Exception occured: FirefoxDriver: firefox on windows (null)
Exception occured: FirefoxDriver: firefox on windows (null)
Exception occured: FirefoxDriver: firefox on windows (null)
Exception occured: FirefoxDriver: firefox on windows (null)
Exception occured: FirefoxDriver: firefox on windows (null)
Exception occured: FirefoxDriver: firefox on windows (null)
Exception occured: FirefoxDriver: firefox on windows (null)
Exception occured: FirefoxDriver: firefox on windows (null)
Exception occured: FirefoxDriver: firefox on windows (null)
Exception occured: FirefoxDriver: firefox on windows (null)
Exception occured: FirefoxDriver: firefox on windows (null)
Exception occured: FirefoxDriver: firefox on windows (null)
Exception occured: FirefoxDriver: firefox on windows (null)
Exception occured: FirefoxDriver: firefox on windows (null)
Exception occured: FirefoxDriver: firefox on windows (null)
Exception occured: FirefoxDriver: firefox on windows (null)
Exception occured: FirefoxDriver: firefox on windows (null)
Exception occured: FirefoxDriver: firefox on windows (null)
Exception occured: FirefoxDriver: firefox on windows (null)
Exception occured: FirefoxDriver: firefox on windows (null)
Exception occured: FirefoxDriver: firefox on windows (null)
Exception occured: FirefoxDriver: firefox on windows (null)
Exception occured: FirefoxDriver: firefox on windows (null)
Exception occured: FirefoxDriver: firefox on windows (null)
Exception occured: FirefoxDriver: firefox on windows (null)
Exception occured: FirefoxDriver: firefox on windows (null)
Exception occured: FirefoxDriver: firefox on windows (null)
Exception occured: FirefoxDriver: firefox on windows (null)
Exception occured: FirefoxDriver: firefox on windows (null)
Exception occured: FirefoxDriver: firefox on windows (null)
Exception occured: FirefoxDriver: firefox on windows (null)
Exception occured: FirefoxDriver: firefox on windows (null)
Exception occured: FirefoxDriver: firefox on windows (null)
Exception occured: FirefoxDriver: firefox on windows (null)
Exception occured: FirefoxDriver: firefox on windows (null)
Exception occured: FirefoxDriver: firefox on windows (null)
Exception occured: FirefoxDriver: firefox on windows (null)
Exception occured: FirefoxDriver: firefox on windows (null)
Exception occured: FirefoxDriver: firefox on windows (null)
Exception occured: FirefoxDriver: firefox on windows (null)
Exception occured: FirefoxDriver: firefox on windows (null)
Exception occured: FirefoxDriver: firefox on windows (null)
Exception occured: FirefoxDriver: firefox on windows (null)
Exception occured: FirefoxDriver: firefox on windows (null)
Exception occured: FirefoxDriver: firefox on windows (null)
Exception occured: FirefoxDriver: firefox on windows (null)
Exception occured: FirefoxDriver: firefox on windows (null)
Exception occured: FirefoxDriver: firefox on windows (null)
Exception occured: FirefoxDriver: firefox on windows (null)
Exception occured: FirefoxDriver: firefox on windows (null)
Exception occured: FirefoxDriver: firefox on windows (null)
Exception occured: FirefoxDriver: firefox on windows (null)
Exception occured: FirefoxDriver: firefox on windows (null)
Exception occured: FirefoxDriver: firefox on windows (null)
Exception occured: FirefoxDriver: firefox on windows (null)
Exception occured: FirefoxDriver: firefox on windows (null)
Exception occured: FirefoxDriver: firefox on windows (null)
Exception occured: FirefoxDriver: firefox on windows (null)
Exception occured: FirefoxDriver: firefox on windows (null)
Exception occured: FirefoxDriver: firefox on windows (null)
Exception occured: FirefoxDriver: firefox on windows (null)
Exception occured: FirefoxDriver: firefox on windows (null)
Exception occured: FirefoxDriver: firefox on windows (null)
Exception occured: FirefoxDriver: firefox on windows (null)
Exception occured: FirefoxDriver: firefox on windows (null)
Exception occured: FirefoxDriver: firefox on windows (null)
Exception occured: FirefoxDriver: firefox on windows (null)
Exception occured: FirefoxDriver: firefox on windows (null)
Exception occured: FirefoxDriver: firefox on windows (null)
Exception occured: FirefoxDriver: firefox on windows (null)
Exception occured: FirefoxDriver: firefox on windows (null)
Exception occured: FirefoxDriver: firefox on windows (null)
Exception occured: FirefoxDriver: firefox on windows (null)
Exception occured: FirefoxDriver: firefox on windows (null)
Exception occured: FirefoxDriver: firefox on windows (null)
Exception occured: FirefoxDriver: firefox on windows (null)
Exception occured: FirefoxDriver: firefox on windows (null)
Exception occured: FirefoxDriver: firefox on windows (null)
Exception occured: FirefoxDriver: firefox on windows (null)
Exception occured: FirefoxDriver: firefox on windows (null)
Exception occured: FirefoxDriver: firefox on windows (null)
Exception occured: FirefoxDriver: firefox on windows (null)
Exception occured: FirefoxDriver: firefox on windows (null)
Exception occured: FirefoxDriver: firefox on windows (null)
Exception occured: FirefoxDriver: firefox on windows (null)
Exception occured: FirefoxDriver: firefox on windows (null)
Exception occured: FirefoxDriver: firefox on windows (null)
Exception occured: FirefoxDriver: firefox on windows (null)
Exception occured: FirefoxDriver: firefox on windows (null)
Exception occured: FirefoxDriver: firefox on windows (null)
Exception occured: FirefoxDriver: firefox on windows (null)
Exception occured: FirefoxDriver: firefox on windows (null)
Exception occured: FirefoxDriver: firefox on windows (null)
Exception occured: FirefoxDriver: firefox on windows (null)
Exception occured: FirefoxDriver: firefox on windows (null)
Exception occured: FirefoxDriver: firefox on windows (null)
Exception occured: FirefoxDriver: firefox on windows (null)
Exception occured: FirefoxDriver: firefox on windows (null)
Exception occured: FirefoxDriver: firefox on windows (null)
Exception occured: FirefoxDriver: firefox on windows (null)
Exception occured: FirefoxDriver: firefox on windows (null)
Exception occured: FirefoxDriver: firefox on windows (null)
Exception occured: FirefoxDriver: firefox on windows (null)
Exception occured: FirefoxDriver: firefox on windows (null)
Exception occured: FirefoxDriver: firefox on windows (null)
Exception occured: FirefoxDriver: firefox on windows (null)
Exception occured: FirefoxDriver: firefox on windows (null)
Exception occured: FirefoxDriver: firefox on windows (null)
Exception occured: FirefoxDriver: firefox on windows (null)
Exception occured: FirefoxDriver: firefox on windows (null)
Exception occured: FirefoxDriver: firefox on windows (null)
Exception occured: FirefoxDriver: firefox on windows (null)
Exception occured: FirefoxDriver: firefox on windows (null)
Exception occured: FirefoxDriver: firefox on windows (null)
Exception occured: FirefoxDriver: firefox on windows (null)
Exception occured: FirefoxDriver: firefox on windows (null)
Exception occured: FirefoxDriver: firefox on windows (null)
Exception occured: FirefoxDriver: firefox on windows (null)
Exception occured: FirefoxDriver: firefox on windows (null)
Exception occured: FirefoxDriver: firefox on windows (null)
Exception occured: FirefoxDriver: firefox on windows (null)
Exception occured: FirefoxDriver: firefox on windows (null)
Exception occured: FirefoxDriver: firefox on windows (null)
Exception occured: FirefoxDriver: firefox on windows (null)
Exception occured: FirefoxDriver: firefox on windows (null)
Exception occured: FirefoxDriver: firefox on windows (null)
Exception occured: FirefoxDriver: firefox on windows (null)
Exception occured: FirefoxDriver: firefox on windows (null)
Exception occured: FirefoxDriver: firefox on windows (null)
Exception occured: FirefoxDriver: firefox on windows (null)
Exception occured: FirefoxDriver: firefox on windows (null)
Exception occured: FirefoxDriver: firefox on windows (null)
Exception occured: FirefoxDriver: firefox on windows (null)
Exception occured: FirefoxDriver: firefox on windows (null)
Exception occured: FirefoxDriver: firefox on windows (null)
Exception occured: FirefoxDriver: firefox on windows (null)
Exception occured: FirefoxDriver: firefox on windows (null)
Exception occured: FirefoxDriver: firefox on windows (null)
Exception occured: FirefoxDriver: firefox on windows (null)
Exception occured: FirefoxDriver: firefox on windows (null)
Exception occured: FirefoxDriver: firefox on windows (null)
Exception occured: FirefoxDriver: firefox on windows (null)
Exception occured: FirefoxDriver: firefox on windows (null)
Exception occured: FirefoxDriver: firefox on windows (null)
Exception occured: FirefoxDriver: firefox on windows (null)
Exception occured: FirefoxDriver: firefox on windows (null)
Exception occured: FirefoxDriver: firefox on windows (null)
Exception occured: FirefoxDriver: firefox on windows (null)
Exception occured: FirefoxDriver: firefox on windows (null)
Exception occured: FirefoxDriver: firefox on windows (null)
Exception occured: FirefoxDriver: firefox on windows (null)
Exception occured: FirefoxDriver: firefox on windows (null)
Exception occured: FirefoxDriver: firefox on windows (null)
Exception occured: FirefoxDriver: firefox on windows (null)
Exception occured: FirefoxDriver: firefox on windows (null)
Exception occured: FirefoxDriver: firefox on windows (null)
Exception occured: FirefoxDriver: firefox on windows (null)
Exception occured: FirefoxDriver: firefox on windows (null)
Exception occured: FirefoxDriver: firefox on windows (null)
Exception occured: FirefoxDriver: firefox on windows (null)
Exception occured: FirefoxDriver: firefox on windows (null)
Exception occured: FirefoxDriver: firefox on windows (null)
Exception occured: FirefoxDriver: firefox on windows (null)
Exception occured: FirefoxDriver: firefox on windows (null)
Exception occured: FirefoxDriver: firefox on windows (null)
Exception occured: FirefoxDriver: firefox on windows (null)
Exception occured: FirefoxDriver: firefox on windows (null)
Exception occured: FirefoxDriver: firefox on windows (null)
Exception occured: FirefoxDriver: firefox on windows (null)
Exception occured: FirefoxDriver: firefox on windows (null)
Exception occured: FirefoxDriver: firefox on windows (null)
Exception occured: FirefoxDriver: firefox on windows (null)
Exception occured: FirefoxDriver: firefox on windows (null)
Exception occured: FirefoxDriver: firefox on windows (null)
Exception occured: FirefoxDriver: firefox on windows (null)
Exception occured: FirefoxDriver: firefox on windows (null)
Exception occured: FirefoxDriver: firefox on windows (null)
Exception occured: FirefoxDriver: firefox on windows (null)
Exception occured: FirefoxDriver: firefox on windows (null)
Exception occured: FirefoxDriver: firefox on windows (null)
Exception occured: FirefoxDriver: firefox on windows (null)
Exception occured: FirefoxDriver: firefox on windows (null)
Exception occured: FirefoxDriver: firefox on windows (null)
Exception occured: FirefoxDriver: firefox on windows (null)
Exception occured: FirefoxDriver: firefox on windows (null)
Exception occured: FirefoxDriver: firefox on windows (null)
Exception occured: FirefoxDriver: firefox on windows (null)
Exception occured: FirefoxDriver: firefox on windows (null)
Exception occured: FirefoxDriver: firefox on windows (null)
Exception occured: FirefoxDriver: firefox on windows (null)
Exception occured: FirefoxDriver: firefox on windows (null)
Exception occured: FirefoxDriver: firefox on windows (null)
Exception occured: FirefoxDriver: firefox on windows (null)
Exception occured: FirefoxDriver: firefox on windows (null)
Exception occured: FirefoxDriver: firefox on windows (null)
Exception occured: FirefoxDriver: firefox on windows (null)
Exception occured: FirefoxDriver: firefox on windows (null)
Exception occured: FirefoxDriver: firefox on windows (null)
Exception occured: FirefoxDriver: firefox on windows (null)
Exception occured: FirefoxDriver: firefox on windows (null)
Exception occured: FirefoxDriver: firefox on windows (null)
Exception occured: FirefoxDriver: firefox on windows (null)
Exception occured: FirefoxDriver: firefox on windows (null)
Exception occured: FirefoxDriver: firefox on windows (null)
Exception occured: FirefoxDriver: firefox on windows (null)
Exception occured: FirefoxDriver: firefox on windows (null)
Exception occured: FirefoxDriver: firefox on windows (null)
Exception occured: FirefoxDriver: firefox on windows (null)
Exception occured: FirefoxDriver: firefox on windows (null)
Exception occured: FirefoxDriver: firefox on windows (null)
Exception occured: FirefoxDriver: firefox on windows (null)
Exception occured: FirefoxDriver: firefox on windows (null)
Exception occured: FirefoxDriver: firefox on windows (null)
Exception occured: FirefoxDriver: firefox on windows (null)
Exception occured: FirefoxDriver: firefox on windows (null)
Exception occured: FirefoxDriver: firefox on windows (null)
Exception occured: FirefoxDriver: firefox on windows (null)
Exception occured: FirefoxDriver: firefox on windows (null)
Exception occured: FirefoxDriver: firefox on windows (null)
Exception occured: FirefoxDriver: firefox on windows (null)
Exception occured: FirefoxDriver: firefox on windows (null)
Exception occured: FirefoxDriver: firefox on windows (null)
Exception occured: FirefoxDriver: firefox on windows (null)
Exception occured: FirefoxDriver: firefox on windows (null)
Exception occured: FirefoxDriver: firefox on windows (null)
Exception occured: FirefoxDriver: firefox on windows (null)
Exception occured: FirefoxDriver: firefox on windows (null)
Exception occured: FirefoxDriver: firefox on windows (null)
Exception occured: FirefoxDriver: firefox on windows (null)
Exception occured: FirefoxDriver: firefox on windows (null)
Exception occured: FirefoxDriver: firefox on windows (null)
Exception occured: FirefoxDriver: firefox on windows (null)
Exception occured: FirefoxDriver: firefox on windows (null)
Exception occured: FirefoxDriver: firefox on windows (null)
Exception occured: FirefoxDriver: firefox on windows (null)
Exception occured: FirefoxDriver: firefox on windows (null)
Exception occured: FirefoxDriver: firefox on windows (null)
Exception occured: FirefoxDriver: firefox on windows (null)
Exception occured: FirefoxDriver: firefox on windows (null)
Exception occured: FirefoxDriver: firefox on windows (null)
Exception occured: FirefoxDriver: firefox on windows (null)
Exception occured: FirefoxDriver: firefox on windows (null)
Exception occured: FirefoxDriver: firefox on windows (null)
Exception occured: FirefoxDriver: firefox on windows (null)
Exception occured: FirefoxDriver: firefox on windows (null)
Exception occured: FirefoxDriver: firefox on windows (null)
Exception occured: FirefoxDriver: firefox on windows (null)
Exception occured: FirefoxDriver: firefox on windows (null)
Exception occured: FirefoxDriver: firefox on windows (null)
Exception occured: FirefoxDriver: firefox on windows (null)
Exception occured: FirefoxDriver: firefox on windows (null)
Exception occured: FirefoxDriver: firefox on windows (null)
Exception occured: FirefoxDriver: firefox on windows (null)
Exception occured: FirefoxDriver: firefox on windows (null)
Exception occured: FirefoxDriver: firefox on windows (null)
Exception occured: FirefoxDriver: firefox on windows (null)
Exception occured: FirefoxDriver: firefox on windows (null)
Exception occured: FirefoxDriver: firefox on windows (null)
Exception occured: FirefoxDriver: firefox on windows (null)
Exception occured: FirefoxDriver: firefox on windows (null)
Exception occured: FirefoxDriver: firefox on windows (null)
Exception occured: FirefoxDriver: firefox on windows (null)
Exception occured: FirefoxDriver: firefox on windows (null)
Exception occured: FirefoxDriver: firefox on windows (null)
Exception occured: FirefoxDriver: firefox on windows (null)
Exception occured: FirefoxDriver: firefox on windows (null)
Exception occured: FirefoxDriver: firefox on windows (null)
Exception occured: FirefoxDriver: firefox on windows (null)
Exception occured: FirefoxDriver: firefox on windows (null)
Exception occured: FirefoxDriver: firefox on windows (null)
Exception occured: FirefoxDriver: firefox on windows (null)
Exception occured: FirefoxDriver: firefox on windows (null)
Exception occured: FirefoxDriver: firefox on windows (null)
Exception occured: FirefoxDriver: firefox on windows (null)
Exception occured: FirefoxDriver: firefox on windows (null)
Exception occured: FirefoxDriver: firefox on windows (null)
Exception occured: FirefoxDriver: firefox on windows (null)
Exception occured: FirefoxDriver: firefox on windows (null)
Exception occured: FirefoxDriver: firefox on windows (null)
Exception occured: FirefoxDriver: firefox on windows (null)
Exception occured: FirefoxDriver: firefox on windows (null)
Exception occured: FirefoxDriver: firefox on windows (null)
Exception occured: FirefoxDriver: firefox on windows (null)
Exception occured: FirefoxDriver: firefox on windows (null)
Exception occured: FirefoxDriver: firefox on windows (null)
Exception occured: FirefoxDriver: firefox on windows (null)
Exception occured: FirefoxDriver: firefox on windows (null)
Exception occured: FirefoxDriver: firefox on windows (null)
Exception occured: FirefoxDriver: firefox on windows (null)
Exception occured: FirefoxDriver: firefox on windows (null)
Exception occured: FirefoxDriver: firefox on windows (null)
Exception occured: FirefoxDriver: firefox on windows (null)
Exception occured: FirefoxDriver: firefox on windows (null)
Exception occured: FirefoxDriver: firefox on windows (null)
Exception occured: FirefoxDriver: firefox on windows (null)
Exception occured: FirefoxDriver: firefox on windows (null)
Exception occured: FirefoxDriver: firefox on windows (null)
Exception occured: FirefoxDriver: firefox on windows (null)
Exception occured: FirefoxDriver: firefox on windows (null)
Exception occured: FirefoxDriver: firefox on windows (null)
Exception occured: FirefoxDriver: firefox on windows (null)
Exception occured: FirefoxDriver: firefox on windows (null)
Exception occured: FirefoxDriver: firefox on windows (null)
Exception occured: FirefoxDriver: firefox on windows (null)
Exception occured: FirefoxDriver: firefox on windows (null)
Exception occured: FirefoxDriver: firefox on windows (null)
Exception occured: FirefoxDriver: firefox on windows (null)
Exception occured: FirefoxDriver: firefox on windows (null)
Exception occured: FirefoxDriver: firefox on windows (null)
Exception occured: FirefoxDriver: firefox on windows (null)
Exception occured: FirefoxDriver: firefox on windows (null)
Exception occured: FirefoxDriver: firefox on windows (null)
Exception occured: FirefoxDriver: firefox on windows (null)
Exception occured: FirefoxDriver: firefox on windows (null)
Exception occured: FirefoxDriver: firefox on windows (null)
Exception occured: FirefoxDriver: firefox on windows (null)
Exception occured: FirefoxDriver: firefox on windows (null)
Exception occured: FirefoxDriver: firefox on windows (null)
Exception occured: FirefoxDriver: firefox on windows (null)
Exception occured: FirefoxDriver: firefox on windows (null)
Exception occured: FirefoxDriver: firefox on windows (null)
Exception occured: FirefoxDriver: firefox on windows (null)
Exception occured: FirefoxDriver: firefox on windows (null)
Exception occured: FirefoxDriver: firefox on windows (null)
Exception occured: FirefoxDriver: firefox on windows (null)
Exception occured: FirefoxDriver: firefox on windows (null)
Exception occured: FirefoxDriver: firefox on windows (null)
Exception occured: FirefoxDriver: firefox on windows (null)
Exception occured: FirefoxDriver: firefox on windows (null)
Exception occured: FirefoxDriver: firefox on windows (null)
Exception occured: FirefoxDriver: firefox on windows (null)
Exception occured: FirefoxDriver: firefox on windows (null)
Exception occured: FirefoxDriver: firefox on windows (null)
Exception occured: FirefoxDriver: firefox on windows (null)
Exception occured: FirefoxDriver: firefox on windows (null)
Exception occured: FirefoxDriver: firefox on windows (null)
Exception occured: FirefoxDriver: firefox on windows (null)
Exception occured: FirefoxDriver: firefox on windows (null)
Exception occured: FirefoxDriver: firefox on windows (null)
Exception occured: FirefoxDriver: firefox on windows (null)
Exception occured: FirefoxDriver: firefox on windows (null)
Exception occured: FirefoxDriver: firefox on windows (null)
Exception occured: FirefoxDriver: firefox on windows (null)
Exception occured: FirefoxDriver: firefox on windows (null)
Exception occured: FirefoxDriver: firefox on windows (null)
Exception occured: FirefoxDriver: firefox on windows (null)
Exception occured: FirefoxDriver: firefox on windows (null)
Exception occured: FirefoxDriver: firefox on windows (null)
Exception occured: FirefoxDriver: firefox on windows (null)
Exception occured: FirefoxDriver: firefox on windows (null)
Exception occured: FirefoxDriver: firefox on windows (null)
Exception occured: FirefoxDriver: firefox on windows (null)
Exception occured: FirefoxDriver: firefox on windows (null)
Exception occured: FirefoxDriver: firefox on windows (null)
Exception occured: FirefoxDriver: firefox on windows (null)
Exception occured: FirefoxDriver: firefox on windows (null)
Exception occured: FirefoxDriver: firefox on windows (null)
Exception occured: FirefoxDriver: firefox on windows (null)
Exception occured: FirefoxDriver: firefox on windows (null)
Exception occured: FirefoxDriver: firefox on windows (null)
Exception occured: FirefoxDriver: firefox on windows (null)
Exception occured: FirefoxDriver: firefox on windows (null)
Exception occured: FirefoxDriver: firefox on windows (null)
Exception occured: FirefoxDriver: firefox on windows (null)
Exception occured: FirefoxDriver: firefox on windows (null)
Exception occured: FirefoxDriver: firefox on windows (null)
Exception occured: FirefoxDriver: firefox on windows (null)
Exception occured: FirefoxDriver: firefox on windows (null)
Exception occured: FirefoxDriver: firefox on windows (null)
Exception occured: FirefoxDriver: firefox on windows (null)
Exception occured: FirefoxDriver: firefox on windows (null)
Exception occured: FirefoxDriver: firefox on windows (null)
Exception occured: FirefoxDriver: firefox on windows (null)
Exception occured: FirefoxDriver: firefox on windows (null)
Exception occured: FirefoxDriver: firefox on windows (null)
Exception occured: FirefoxDriver: firefox on windows (null)
Exception occured: FirefoxDriver: firefox on windows (null)
Exception occured: FirefoxDriver: firefox on windows (null)
Exception occured: FirefoxDriver: firefox on windows (null)
Exception occured: FirefoxDriver: firefox on windows (null)
Exception occured: FirefoxDriver: firefox on windows (null)
Exception occured: FirefoxDriver: firefox on windows (null)
Exception occured: FirefoxDriver: firefox on windows (null)
Exception occured: FirefoxDriver: firefox on windows (null)
Exception occured: FirefoxDriver: firefox on windows (null)
Exception occured: FirefoxDriver: firefox on windows (null)
Exception occured: FirefoxDriver: firefox on windows (null)
Exception occured: FirefoxDriver: firefox on windows (null)
Exception occured: FirefoxDriver: firefox on windows (null)
Exception occured: FirefoxDriver: firefox on windows (null)
Exception occured: FirefoxDriver: firefox on windows (null)
Exception occured: FirefoxDriver: firefox on windows (null)
Exception occured: FirefoxDriver: firefox on windows (null)
Exception occured: FirefoxDriver: firefox on windows (null)
Exception occured: FirefoxDriver: firefox on windows (null)
Exception occured: FirefoxDriver: firefox on windows (null)
Exception occured: FirefoxDriver: firefox on windows (null)
Exception occured: FirefoxDriver: firefox on windows (null)
Exception occured: FirefoxDriver: firefox on windows (null)
Exception occured: FirefoxDriver: firefox on windows (null)
Exception occured: FirefoxDriver: firefox on windows (null)
Exception occured: FirefoxDriver: firefox on windows (null)
Exception occured: FirefoxDriver: firefox on windows (null)
Exception occured: FirefoxDriver: firefox on windows (null)
Exception occured: FirefoxDriver: firefox on windows (null)
Exception occured: FirefoxDriver: firefox on windows (null)
Exception occured: FirefoxDriver: firefox on windows (null)
Exception occured: FirefoxDriver: firefox on windows (null)
Exception occured: FirefoxDriver: firefox on windows (null)
Exception occured: FirefoxDriver: firefox on windows (null)
Exception occured: FirefoxDriver: firefox on windows (null)
Exception occured: FirefoxDriver: firefox on windows (null)
Exception occured: FirefoxDriver: firefox on windows (null)
Exception occured: FirefoxDriver: firefox on windows (null)
Exception occured: FirefoxDriver: firefox on windows (null)
Exception occured: FirefoxDriver: firefox on windows (null)
Exception occured: FirefoxDriver: firefox on windows (null)
Exception occured: FirefoxDriver: firefox on windows (null)
Exception occured: FirefoxDriver: firefox on windows (null)
Exception occured: FirefoxDriver: firefox on windows (null)
Exception occured: FirefoxDriver: firefox on windows (null)
Exception occured: FirefoxDriver: firefox on windows (null)
Exception occured: FirefoxDriver: firefox on windows (null)
Exception occured: FirefoxDriver: firefox on windows (null)
Exception occured: FirefoxDriver: firefox on windows (null)
Exception occured: FirefoxDriver: firefox on windows (null)
Exception occured: FirefoxDriver: firefox on windows (null)
Exception occured: FirefoxDriver: firefox on windows (null)
Exception occured: FirefoxDriver: firefox on windows (null)
Exception occured: FirefoxDriver: firefox on windows (null)
Exception occured: FirefoxDriver: firefox on windows (null)
Exception occured: FirefoxDriver: firefox on windows (null)
Exception occured: FirefoxDriver: firefox on windows (null)
Exception occured: FirefoxDriver: firefox on windows (null)
Exception occured: FirefoxDriver: firefox on windows (null)
Exception occured: FirefoxDriver: firefox on windows (null)
Exception occured: FirefoxDriver: firefox on windows (null)
Exception occured: FirefoxDriver: firefox on windows (null)
Exception occured: FirefoxDriver: firefox on windows (null)
Exception occured: FirefoxDriver: firefox on windows (null)
Exception occured: FirefoxDriver: firefox on windows (null)
Exception occured: FirefoxDriver: firefox on windows (null)
Exception occured: FirefoxDriver: firefox on windows (null)
Exception occured: FirefoxDriver: firefox on windows (null)
Exception occured: FirefoxDriver: firefox on windows (null)
Exception occured: FirefoxDriver: firefox on windows (null)
Exception occured: FirefoxDriver: firefox on windows (null)
Exception occured: FirefoxDriver: firefox on windows (null)
Exception occured: FirefoxDriver: firefox on windows (null)
Exception occured: FirefoxDriver: firefox on windows (null)
Exception occured: FirefoxDriver: firefox on windows (null)
Exception occured: FirefoxDriver: firefox on windows (null)
Exception occured: FirefoxDriver: firefox on windows (null)
Exception occured: FirefoxDriver: firefox on windows (null)
Exception occured: FirefoxDriver: firefox on windows (null)
Exception occured: FirefoxDriver: firefox on windows (null)
Exception occured: FirefoxDriver: firefox on windows (null)
Exception occured: FirefoxDriver: firefox on windows (null)
Exception occured: FirefoxDriver: firefox on windows (null)
Exception occured: FirefoxDriver: firefox on windows (null)
Exception occured: FirefoxDriver: firefox on windows (null)
Exception occured: FirefoxDriver: firefox on windows (null)
Exception occured: FirefoxDriver: firefox on windows (null)
Exception occured: FirefoxDriver: firefox on windows (null)
Exception occured: FirefoxDriver: firefox on windows (null)
Exception occured: FirefoxDriver: firefox on windows (null)
Exception occured: FirefoxDriver: firefox on windows (null)
Exception occured: FirefoxDriver: firefox on windows (null)
Exception occured: FirefoxDriver: firefox on windows (null)
Exception occured: FirefoxDriver: firefox on windows (null)
Exception occured: FirefoxDriver: firefox on windows (null)
Exception occured: FirefoxDriver: firefox on windows (null)
Exception occured: FirefoxDriver: firefox on windows (null)
Exception occured: FirefoxDriver: firefox on windows (null)
Exception occured: FirefoxDriver: firefox on windows (null)
Exception occured: FirefoxDriver: firefox on windows (null)
Exception occured: FirefoxDriver: firefox on windows (null)
Exception occured: FirefoxDriver: firefox on windows (null)
Exception occured: FirefoxDriver: firefox on windows (null)
Exception occured: FirefoxDriver: firefox on windows (null)
Exception occured: FirefoxDriver: firefox on windows (null)
Exception occured: FirefoxDriver: firefox on windows (null)
Exception occured: FirefoxDriver: firefox on windows (null)
Exception occured: FirefoxDriver: firefox on windows (null)
Exception occured: FirefoxDriver: firefox on windows (null)
Exception occured: FirefoxDriver: firefox on windows (null)
Exception occured: FirefoxDriver: firefox on windows (null)
Exception occured: FirefoxDriver: firefox on windows (null)
Exception occured: FirefoxDriver: firefox on windows (null)
Exception occured: FirefoxDriver: firefox on windows (null)
Exception occured: FirefoxDriver: firefox on windows (null)
Exception occured: FirefoxDriver: firefox on windows (null)
Exception occured: FirefoxDriver: firefox on windows (null)
Exception occured: FirefoxDriver: firefox on windows (null)
Exception occured: FirefoxDriver: firefox on windows (null)
Exception occured: FirefoxDriver: firefox on windows (null)
Exception occured: FirefoxDriver: firefox on windows (null)
Exception occured: FirefoxDriver: firefox on windows (null)
Exception occured: FirefoxDriver: firefox on windows (null)
Exception occured: FirefoxDriver: firefox on windows (null)
Exception occured: FirefoxDriver: firefox on windows (null)
Exception occured: FirefoxDriver: firefox on windows (null)
Exception occured: FirefoxDriver: firefox on windows (null)
Exception occured: FirefoxDriver: firefox on windows (null)
Exception occured: FirefoxDriver: firefox on windows (null)
Exception occured: FirefoxDriver: firefox on windows (null)
Exception occured: FirefoxDriver: firefox on windows (null)
Exception occured: FirefoxDriver: firefox on windows (null)
Exception occured: FirefoxDriver: firefox on windows (null)
Exception occured: FirefoxDriver: firefox on windows (null)
Exception occured: FirefoxDriver: firefox on windows (null)
Exception occured: FirefoxDriver: firefox on windows (null)
Exception occured: FirefoxDriver: firefox on windows (null)
Exception occured: FirefoxDriver: firefox on windows (null)
Exception occured: FirefoxDriver: firefox on windows (null)
Exception occured: FirefoxDriver: firefox on windows (null)
Exception occured: FirefoxDriver: firefox on windows (null)
Exception occured: FirefoxDriver: firefox on windows (null)
Exception occured: FirefoxDriver: firefox on windows (null)
Exception occured: FirefoxDriver: firefox on windows (null)
Exception occured: FirefoxDriver: firefox on windows (null)
Exception occured: FirefoxDriver: firefox on windows (null)
Exception occured: FirefoxDriver: firefox on windows (null)
Exception occured: FirefoxDriver: firefox on windows (null)
Exception occured: FirefoxDriver: firefox on windows (null)
Exception occured: FirefoxDriver: firefox on windows (null)
Exception occured: FirefoxDriver: firefox on windows (null)
Exception occured: FirefoxDriver: firefox on windows (null)
Exception occured: FirefoxDriver: firefox on windows (null)
Exception occured: FirefoxDriver: firefox on windows (null)
Exception occured: FirefoxDriver: firefox on windows (null)
Exception occured: FirefoxDriver: firefox on windows (null)
Exception occured: FirefoxDriver: firefox on windows (null)
Exception occured: FirefoxDriver: firefox on windows (null)
Exception occured: FirefoxDriver: firefox on windows (null)
Exception occured: FirefoxDriver: firefox on windows (null)
Exception occured: FirefoxDriver: firefox on windows (null)
Exception occured: FirefoxDriver: firefox on windows (null)
Exception occured: FirefoxDriver: firefox on windows (null)
Exception occured: FirefoxDriver: firefox on windows (null)
Exception occured: FirefoxDriver: firefox on windows (null)
Exception occured: FirefoxDriver: firefox on windows (null)
Exception occured: FirefoxDriver: firefox on windows (null)
Exception occured: FirefoxDriver: firefox on windows (null)
Exception occured: FirefoxDriver: firefox on windows (null)
Exception occured: FirefoxDriver: firefox on windows (null)
Exception occured: FirefoxDriver: firefox on windows (null)
Exception occured: FirefoxDriver: firefox on windows (null)
Exception occured: FirefoxDriver: firefox on windows (null)
Exception occured: FirefoxDriver: firefox on windows (null)
Exception occured: FirefoxDriver: firefox on windows (null)
Exception occured: FirefoxDriver: firefox on windows (null)
Exception occured: FirefoxDriver: firefox on windows (null)
Exception occured: FirefoxDriver: firefox on windows (null)
Exception occured: FirefoxDriver: firefox on windows (null)
Exception occured: FirefoxDriver: firefox on windows (null)
Exception occured: FirefoxDriver: firefox on windows (null)
Exception occured: FirefoxDriver: firefox on windows (null)
Exception occured: FirefoxDriver: firefox on windows (null)
Exception occured: FirefoxDriver: firefox on windows (null)
Exception occured: FirefoxDriver: firefox on windows (null)
Exception occured: FirefoxDriver: firefox on windows (null)
Exception occured: FirefoxDriver: firefox on windows (null)
Exception occured: FirefoxDriver: firefox on windows (null)
Exception occured: FirefoxDriver: firefox on windows (null)
Exception occured: FirefoxDriver: firefox on windows (null)
Exception occured: FirefoxDriver: firefox on windows (null)
Exception occured: FirefoxDriver: firefox on windows (null)
Exception occured: FirefoxDriver: firefox on windows (null)
Exception occured: FirefoxDriver: firefox on windows (null)
Exception occured: FirefoxDriver: firefox on windows (null)
Exception occured: FirefoxDriver: firefox on windows (null)
Exception occured: FirefoxDriver: firefox on windows (null)
Exception occured: FirefoxDriver: firefox on windows (null)
Exception occured: FirefoxDriver: firefox on windows (null)
Exception occured: FirefoxDriver: firefox on windows (null)
Exception occured: FirefoxDriver: firefox on windows (null)
Exception occured: FirefoxDriver: firefox on windows (null)
Exception occured: FirefoxDriver: firefox on windows (null)
Exception occured: FirefoxDriver: firefox on windows (null)
Exception occured: FirefoxDriver: firefox on windows (null)
Exception occured: FirefoxDriver: firefox on windows (null)
Exception occured: FirefoxDriver: firefox on windows (null)
Exception occured: FirefoxDriver: firefox on windows (null)
Exception occured: FirefoxDriver: firefox on windows (null)
Exception occured: FirefoxDriver: firefox on windows (null)
Exception occured: FirefoxDriver: firefox on windows (null)
Exception occured: FirefoxDriver: firefox on windows (null)
Exception occured: FirefoxDriver: firefox on windows (null)
Exception occured: FirefoxDriver: firefox on windows (null)
Exception occured: FirefoxDriver: firefox on windows (null)
Exception occured: FirefoxDriver: firefox on windows (null)
Exception occured: FirefoxDriver: firefox on windows (null)
Exception occured: FirefoxDriver: firefox on windows (null)
Exception occured: FirefoxDriver: firefox on windows (null)
Exception occured: FirefoxDriver: firefox on windows (null)
Exception occured: FirefoxDriver: firefox on windows (null)
Exception occured: FirefoxDriver: firefox on windows (null)
Exception occured: FirefoxDriver: firefox on windows (null)
Exception occured: FirefoxDriver: firefox on windows (null)
Exception occured: FirefoxDriver: firefox on windows (null)
Exception occured: FirefoxDriver: firefox on windows (null)
Exception occured: FirefoxDriver: firefox on windows (null)
Exception occured: FirefoxDriver: firefox on windows (null)
Exception occured: FirefoxDriver: firefox on windows (null)
Exception occured: FirefoxDriver: firefox on windows (null)
Exception occured: FirefoxDriver: firefox on windows (null)
Exception occured: FirefoxDriver: firefox on windows (null)
Exception occured: FirefoxDriver: firefox on windows (null)
Exception occured: FirefoxDriver: firefox on windows (null)
Exception occured: FirefoxDriver: firefox on windows (null)
Exception occured: FirefoxDriver: firefox on windows (null)
Exception occured: FirefoxDriver: firefox on windows (null)
Exception occured: FirefoxDriver: firefox on windows (null)
Exception occured: FirefoxDriver: firefox on windows (null)
Exception occured: FirefoxDriver: firefox on windows (null)
Exception occured: FirefoxDriver: firefox on windows (null)
Exception occured: FirefoxDriver: firefox on windows (null)
Exception occured: FirefoxDriver: firefox on windows (null)
Exception occured: FirefoxDriver: firefox on windows (null)
Exception occured: FirefoxDriver: firefox on windows (null)
Exception occured: FirefoxDriver: firefox on windows (null)
Exception occured: FirefoxDriver: firefox on windows (null)
Exception occured: FirefoxDriver: firefox on windows (null)
Exception occured: FirefoxDriver: firefox on windows (null)
Exception occured: FirefoxDriver: firefox on windows (null)
Exception occured: FirefoxDriver: firefox on windows (null)
Exception occured: FirefoxDriver: firefox on windows (null)
Exception occured: FirefoxDriver: firefox on windows (null)
Exception occured: FirefoxDriver: firefox on windows (null)
Exception occured: FirefoxDriver: firefox on windows (null)
Exception occured: FirefoxDriver: firefox on windows (null)
Exception occured: FirefoxDriver: firefox on windows (null)
Exception occured: FirefoxDriver: firefox on windows (null)
Exception occured: FirefoxDriver: firefox on windows (null)
Exception occured: FirefoxDriver: firefox on windows (null)
Exception occured: FirefoxDriver: firefox on windows (null)
Exception occured: FirefoxDriver: firefox on windows (null)
Exception occured: FirefoxDriver: firefox on windows (null)
Exception occured: FirefoxDriver: firefox on windows (null)
Exception occured: FirefoxDriver: firefox on windows (null)
Exception occured: FirefoxDriver: firefox on windows (null)
Exception occured: FirefoxDriver: firefox on windows (null)
Exception occured: FirefoxDriver: firefox on windows (null)]]>
  </system-out>
  <testcase classname="com.project.bachthree.automation.qa.tests.FormStoneChechBoxTest" name="verifyAllClicksOnCheckBoxes" time="12.098"/>
  <system-out>
    <![CDATA[Clicking all checkboxes in this page
Before Finding List Of ElementsBy.xpath: (//form[@class='form demo_form'])[1]/child::fieldset//div[@class='fs-checkbox-flag']
Formstone testcase Done!]]>
  </system-out>
</testsuite> <!-- com.project.bachthree.automation.qa.tests.FormStoneChechBoxTest -->
