<?xml version="1.0" encoding="UTF-8"?>
<!-- Generated by org.testng.reporters.JUnitReportReporter -->
<testsuite hostname="DESKTOP-5RK9T99" failures="0" tests="1" name="com.project.bachthree.automation.qa.tests.FormStoneChechBoxTest" time="21.830" errors="0" timestamp="2024-11-11T13:59:37 NPT" skipped="0">
  <testcase classname="com.project.bachthree.automation.qa.tests.FormStoneChechBoxTest" name="verifyAllClicksOnCheckBoxes" time="21.830"/>
  <system-out>
    <![CDATA[Clicking all checkboxes in this page
Formstone testcase Done!]]>
  </system-out>
</testsuite> <!-- com.project.bachthree.automation.qa.tests.FormStoneChechBoxTest -->
