<?xml version="1.0" encoding="UTF-8"?>
<!-- Generated by org.testng.reporters.JUnitReportReporter -->
<testsuite hostname="DESKTOP-5RK9T99" failures="0" tests="3" name="com.project.bachthree.automation.qa.tests.TotalQAHomePageCheckBoxClickTest" time="29.423" errors="0" timestamp="2024-11-11T13:59:37 NPT" skipped="0">
  <testcase classname="com.project.bachthree.automation.qa.tests.TotalQAHomePageCheckBoxClickTest" name="verifyAllClicksOnCheckBoxes" time="6.458"/>
  <system-out>
    <![CDATA[Totalqa Testcase Done!]]>
  </system-out>
  <testcase classname="com.project.bachthree.automation.qa.tests.TotalQAHomePageCheckBoxClickTest" name="verifyAllClicksOnCheckBoxes" time="12.419"/>
  <system-out>
    <![CDATA[Totalqa Testcase Done!]]>
  </system-out>
  <testcase classname="com.project.bachthree.automation.qa.tests.TotalQAHomePageCheckBoxClickTest" name="verifyAllClicksOnCheckBoxes" time="10.546"/>
  <system-out>
    <![CDATA[Totalqa Testcase Done!]]>
  </system-out>
</testsuite> <!-- com.project.bachthree.automation.qa.tests.TotalQAHomePageCheckBoxClickTest -->
