<?xml version="1.0" encoding="UTF-8"?>
<!-- Generated by org.testng.reporters.JUnitReportReporter -->
<testsuite hostname="DESKTOP-5RK9T99" failures="0" tests="1" name="com.project.bachthree.automation.qa.tests.WindowHanldeTest" time="6.663" errors="0" timestamp="2024-11-11T13:59:37 NPT" skipped="0">
  <testcase classname="com.project.bachthree.automation.qa.tests.WindowHanldeTest" name="verifyWindowHandleTest" time="6.663"/>
  <system-out>
    <![CDATA[Window handle test case Done!]]>
  </system-out>
</testsuite> <!-- com.project.bachthree.automation.qa.tests.WindowHanldeTest -->
